c:\users\denise.h.kassab\forsberg\c++\datatechnology\algorithms and data structures assignment\algorith.3c606414\x64\debug\vc143.pdb
c:\users\denise.h.kassab\forsberg\c++\datatechnology\algorithms and data structures assignment\algorith.3c606414\x64\debug\vc143.idb
c:\users\denise.h.kassab\forsberg\c++\datatechnology\algorithms and data structures assignment\algorith.3c606414\x64\debug\sortingvisualizer.obj
c:\users\denise.h.kassab\forsberg\c++\datatechnology\algorithms and data structures assignment\algorith.3c606414\x64\debug\sortingalgorithms.obj
c:\users\denise.h.kassab\forsberg\c++\datatechnology\algorithms and data structures assignment\algorith.3c606414\x64\debug\selectionsort.obj
c:\users\denise.h.kassab\forsberg\c++\datatechnology\algorithms and data structures assignment\algorith.3c606414\x64\debug\scene.obj
c:\users\denise.h.kassab\forsberg\c++\datatechnology\algorithms and data structures assignment\algorith.3c606414\x64\debug\pathvisualizer.obj
c:\users\denise.h.kassab\forsberg\c++\datatechnology\algorithms and data structures assignment\algorith.3c606414\x64\debug\pathfindingalgorithms.obj
c:\users\denise.h.kassab\forsberg\c++\datatechnology\algorithms and data structures assignment\algorith.3c606414\x64\debug\maze.obj
c:\users\denise.h.kassab\forsberg\c++\datatechnology\algorithms and data structures assignment\algorith.3c606414\x64\debug\main.obj
c:\users\denise.h.kassab\forsberg\c++\datatechnology\algorithms and data structures assignment\algorith.3c606414\x64\debug\insertionsort.obj
c:\users\denise.h.kassab\forsberg\c++\datatechnology\algorithms and data structures assignment\algorith.3c606414\x64\debug\dijkstras.obj
c:\users\denise.h.kassab\forsberg\c++\datatechnology\algorithms and data structures assignment\algorith.3c606414\x64\debug\bubblesort.obj
c:\users\denise.h.kassab\forsberg\c++\datatechnology\algorithms and data structures assignment\x64\debug\algorithms and data structures assignment.pdb
c:\users\denise.h.kassab\forsberg\c++\datatechnology\algorithms and data structures assignment\algorith.3c606414\x64\debug\algorith.3c606414.tlog\cl.command.1.tlog
c:\users\denise.h.kassab\forsberg\c++\datatechnology\algorithms and data structures assignment\algorith.3c606414\x64\debug\algorith.3c606414.tlog\cl.read.1.tlog
c:\users\denise.h.kassab\forsberg\c++\datatechnology\algorithms and data structures assignment\algorith.3c606414\x64\debug\algorith.3c606414.tlog\cl.write.1.tlog
c:\users\denise.h.kassab\forsberg\c++\datatechnology\algorithms and data structures assignment\algorith.3c606414\x64\debug\algorith.3c606414.tlog\link-cvtres.read.1.tlog
c:\users\denise.h.kassab\forsberg\c++\datatechnology\algorithms and data structures assignment\algorith.3c606414\x64\debug\algorith.3c606414.tlog\link-cvtres.write.1.tlog
c:\users\denise.h.kassab\forsberg\c++\datatechnology\algorithms and data structures assignment\algorith.3c606414\x64\debug\algorith.3c606414.tlog\link-rc.read.1.tlog
c:\users\denise.h.kassab\forsberg\c++\datatechnology\algorithms and data structures assignment\algorith.3c606414\x64\debug\algorith.3c606414.tlog\link-rc.write.1.tlog
c:\users\denise.h.kassab\forsberg\c++\datatechnology\algorithms and data structures assignment\algorith.3c606414\x64\debug\algorith.3c606414.tlog\link.command.1.tlog
c:\users\denise.h.kassab\forsberg\c++\datatechnology\algorithms and data structures assignment\algorith.3c606414\x64\debug\algorith.3c606414.tlog\link.read.1.tlog
c:\users\denise.h.kassab\forsberg\c++\datatechnology\algorithms and data structures assignment\algorith.3c606414\x64\debug\algorith.3c606414.tlog\link.read.2.tlog
c:\users\denise.h.kassab\forsberg\c++\datatechnology\algorithms and data structures assignment\algorith.3c606414\x64\debug\algorith.3c606414.tlog\link.read.3.tlog
c:\users\denise.h.kassab\forsberg\c++\datatechnology\algorithms and data structures assignment\algorith.3c606414\x64\debug\algorith.3c606414.tlog\link.read.4.tlog
c:\users\denise.h.kassab\forsberg\c++\datatechnology\algorithms and data structures assignment\algorith.3c606414\x64\debug\algorith.3c606414.tlog\link.write.1.tlog
